<?xml version="1.0" encoding="UTF-8"?>
<testsuite name="com.aor.numbers.ListAggregatorTest" tests="4" skipped="0" failures="0" errors="0" timestamp="2020-03-15T13:14:19" hostname="ruben-Lenovo-ideapad-310-15IKB" time="0.085">
  <properties/>
  <testcase name="max" classname="com.aor.numbers.ListAggregatorTest" time="0.075"/>
  <testcase name="min" classname="com.aor.numbers.ListAggregatorTest" time="0.004"/>
  <testcase name="sum" classname="com.aor.numbers.ListAggregatorTest" time="0.003"/>
  <testcase name="distinct" classname="com.aor.numbers.ListAggregatorTest" time="0.003"/>
  <system-out><![CDATA[]]></system-out>
  <system-err><![CDATA[]]></system-err>
</testsuite>
