<?xml version="1.0" encoding="UTF-8"?>
<testsuite name="com.aor.numbers.ListFiltererTest" tests="1" skipped="0" failures="0" errors="0" timestamp="2020-03-15T13:14:18" hostname="ruben-Lenovo-ideapad-310-15IKB" time="0.834">
  <properties/>
  <testcase name="filter" classname="com.aor.numbers.ListFiltererTest" time="0.834"/>
  <system-out><![CDATA[]]></system-out>
  <system-err><![CDATA[]]></system-err>
</testsuite>
