<?xml version="1.0" encoding="UTF-8"?>
<testsuite name="string.StringTransformerGroupTest" tests="2" skipped="0" failures="0" errors="0" timestamp="2020-03-27T18:40:36" hostname="ruben-Lenovo-ideapad-310-15IKB" time="0.001">
  <properties/>
  <testcase name="transformerGroup" classname="string.StringTransformerGroupTest" time="0.0"/>
  <testcase name="transformerComposite" classname="string.StringTransformerGroupTest" time="0.0"/>
  <system-out><![CDATA[]]></system-out>
  <system-err><![CDATA[]]></system-err>
</testsuite>
