<?xml version="1.0" encoding="UTF-8"?>
<testsuite name="string.StringCaseChangerTest" tests="1" skipped="0" failures="0" errors="0" timestamp="2020-03-27T18:40:36" hostname="ruben-Lenovo-ideapad-310-15IKB" time="0.002">
  <properties/>
  <testcase name="stringCaseChanger" classname="string.StringCaseChangerTest" time="0.002"/>
  <system-out><![CDATA[]]></system-out>
  <system-err><![CDATA[]]></system-err>
</testsuite>
