<?xml version="1.0" encoding="UTF-8"?>
<testsuite name="string.HumanClientTest" tests="2" skipped="0" failures="0" errors="0" timestamp="2020-03-27T18:40:36" hostname="ruben-Lenovo-ideapad-310-15IKB" time="0.456">
  <properties/>
  <testcase name="removeObserver" classname="string.HumanClientTest" time="0.449"/>
  <testcase name="addObserver" classname="string.HumanClientTest" time="0.007"/>
  <system-out><![CDATA[]]></system-out>
  <system-err><![CDATA[]]></system-err>
</testsuite>
